<?xml version="1.0" encoding="UTF-8"?>
<!-- Generated by org.testng.reporters.JUnitReportReporter -->
<testsuite hostname="MSARROU" failures="0" tests="1" name="com.testing.Add_Demande" time="26.963" errors="0" timestamp="2023-11-03T15:00:44 WEST" skipped="0">
  <testcase classname="com.testing.Add_Demande" name="HomePage" time="26.963"/>
  <system-out/>
</testsuite> <!-- com.testing.Add_Demande -->
