<?xml version="1.0" encoding="UTF-8"?>
<!-- Generated by org.testng.reporters.JUnitReportReporter -->
<testsuite hostname="MSARROU" failures="0" tests="1" name="com.testing.HomePage" time="26.211" errors="0" timestamp="2023-10-25T11:23:49 WEST" skipped="0">
  <testcase classname="com.testing.HomePage" name="HomePage" time="26.211"/>
  <system-out/>
</testsuite> <!-- com.testing.HomePage -->
